<?xml version="1.0" encoding="UTF-8"?>
<!-- Generated by org.testng.reporters.JUnitReportReporter -->
<testsuite hostname="Omars-MacBook-Pro-2.local" failures="0" tests="1" name="tests.test3" time="3.112" errors="0" timestamp="2021-03-08T15:55:41 EET" skipped="0">
  <testcase classname="tests.test3" name="EnterForSearch" time="3.112"/>
  <system-out/>
</testsuite> <!-- tests.test3 -->
