<?xml version="1.0" encoding="UTF-8"?>
<!-- Generated by org.testng.reporters.JUnitReportReporter -->
<testsuite hostname="Omars-MacBook-Pro-2.local" failures="0" tests="1" name="tests.test5" time="2.696" errors="0" timestamp="2021-03-08T17:13:18 EET" skipped="0">
  <testcase classname="tests.test5" name="EnterForSearch" time="2.696"/>
  <system-out/>
</testsuite> <!-- tests.test5 -->
