<?xml version="1.0" encoding="UTF-8"?>
<!-- Generated by org.testng.reporters.JUnitReportReporter -->
<testsuite hostname="Omars-MacBook-Pro-2.local" failures="0" tests="1" name="tests.test6" time="0.173" errors="0" timestamp="2021-03-08T17:21:37 EET" skipped="0">
  <testcase classname="tests.test6" name="EnterForSearch" time="0.173"/>
  <system-out/>
</testsuite> <!-- tests.test6 -->
