<?xml version="1.0" encoding="UTF-8"?>
<!-- Generated by org.testng.reporters.JUnitReportReporter -->
<testsuite hostname="Omars-MacBook-Pro-2.local" failures="0" tests="1" name="tests.test8" time="5.035" errors="0" timestamp="2021-03-08T18:08:11 EET" skipped="0">
  <testcase classname="tests.test8" name="EnterForSearch" time="5.035"/>
  <system-out/>
</testsuite> <!-- tests.test8 -->
