<?xml version="1.0" encoding="UTF-8"?>
<!-- Generated by org.testng.reporters.JUnitReportReporter -->
<testsuite hostname="Omars-MacBook-Pro-2.local" failures="0" tests="1" name="tests.test4" time="4.935" errors="0" timestamp="2021-03-08T16:20:32 EET" skipped="0">
  <testcase classname="tests.test4" name="EnterForSearch" time="4.935"/>
  <system-out/>
</testsuite> <!-- tests.test4 -->
