<?xml version="1.0" encoding="UTF-8"?>
<!-- Generated by org.testng.reporters.JUnitReportReporter -->
<testsuite hostname="Omars-MacBook-Pro-2.local" failures="0" tests="1" name="tests.test12" time="7.251" errors="0" timestamp="2021-03-09T00:34:17 EET" skipped="0">
  <testcase classname="tests.test12" name="validatePageMaintainability" time="7.251"/>
  <system-out/>
</testsuite> <!-- tests.test12 -->
