<?xml version="1.0" encoding="UTF-8"?>
<!-- Generated by org.testng.reporters.JUnitReportReporter -->
<testsuite hostname="Omars-MacBook-Pro-2.local" failures="0" tests="1" name="tests.test10" time="28.859" errors="0" timestamp="2021-03-08T23:05:22 EET" skipped="0">
  <testcase classname="tests.test10" name="verifyLocalization" time="28.859"/>
  <system-out/>
</testsuite> <!-- tests.test10 -->
