<?xml version="1.0" encoding="UTF-8"?>
<!-- Generated by org.testng.reporters.JUnitReportReporter -->
<testsuite hostname="Omars-MacBook-Pro-2.local" failures="0" tests="2" name="tests.testCase1" time="5.442" errors="0" timestamp="2021-03-08T14:17:54 EET" skipped="0">
  <testcase classname="tests.testCase1" name="EnterForSearch" time="2.450"/>
  <system-out/>
  <testcase classname="tests.testCase1" name="PressSearchButton" time="2.992"/>
  <system-out/>
</testsuite> <!-- tests.testCase1 -->
