<?xml version="1.0" encoding="UTF-8"?>
<!-- Generated by org.testng.reporters.JUnitReportReporter -->
<testsuite hostname="Omars-MacBook-Pro-2.local" failures="0" tests="1" name="tests.test2" time="3.581" errors="0" timestamp="2021-03-08T15:22:13 EET" skipped="0">
  <testcase classname="tests.test2" name="getTitle" time="3.581"/>
  <system-out/>
</testsuite> <!-- tests.test2 -->
