<?xml version="1.0" encoding="UTF-8"?>
<!-- Generated by org.testng.reporters.JUnitReportReporter -->
<testsuite hostname="Omars-MacBook-Pro-2.local" failures="0" tests="1" name="tests.test9" time="27.189" errors="0" timestamp="2021-03-08T22:40:08 EET" skipped="0">
  <testcase classname="tests.test9" name="validateResponse" time="27.189"/>
  <system-out/>
</testsuite> <!-- tests.test9 -->
