<?xml version="1.0" encoding="UTF-8"?>
<!-- Generated by org.testng.reporters.JUnitReportReporter -->
<testsuite hostname="Omars-MacBook-Pro-2.local" failures="0" tests="1" name="tests.test7" time="1.641" errors="0" timestamp="2021-03-08T17:33:25 EET" skipped="0">
  <testcase classname="tests.test7" name="EnterForSearch" time="1.641"/>
  <system-out/>
</testsuite> <!-- tests.test7 -->
